<?xml version="1.0" encoding="UTF-8"?>
<testsuite xmlns:xsi="http://www.w3.org/2001/XMLSchema-instance" xsi:noNamespaceSchemaLocation="https://maven.apache.org/surefire/maven-surefire-plugin/xsd/surefire-test-report-3.0.xsd" version="3.0" name="org.drools.demo.RuleTest" time="1.084" tests="1" errors="0" skipped="0" failures="0">
  <properties>
[...]
</properties>
  <testcase name="test" classname="org.drools.demo.RuleTest" time="1.049">
    <system-out><![CDATA[2023-02-18 16:10:06,921 INFO  [org.drools.compiler.kie.builder.impl.ClasspathKieProject] (main) Found kmodule: file:/Users/mmortari/git/tmp/demo20230218-drools-usageNBjkebQUPTM/target/classes/META-INF/kmodule.xml
2023-02-18 16:10:07,073 WARN  [org.drools.compiler.kie.builder.impl.ClasspathKieProject] (main) Unable to find pom.properties in /Users/mmortari/git/tmp/demo20230218-drools-usageNBjkebQUPTM/target/classes
2023-02-18 16:10:07,083 INFO  [org.drools.compiler.kie.builder.impl.ClasspathKieProject] (main) Recursed up folders, found and used pom.xml /Users/mmortari/git/tmp/demo20230218-drools-usageNBjkebQUPTM/pom.xml
2023-02-18 16:10:07,084 INFO  [org.drools.compiler.kie.builder.impl.InternalKieModuleProvider] (main) Creating KieModule for artifact org.drools.demo:demo20230218-drools-usageNBjkebQUPTM:1.0-SNAPSHOT
2023-02-18 16:10:07,094 WARN  [org.drools.compiler.kie.builder.impl.KieBuilderImpl] (main) File 'org/example/rules.drl' is in folder 'org/example' but declares package 'org.drools.demo'. It is advised to have a correspondance between package and folder names.
2023-02-18 16:10:07,712 INFO  [org.drools.demo.RuleTest] (main) Creating kieBase
2023-02-18 16:10:07,712 INFO  [org.drools.compiler.kie.builder.impl.KieContainerImpl] (main) Start creation of KieBase: defaultKieBase
2023-02-18 16:10:07,758 INFO  [org.drools.compiler.kie.builder.impl.KieContainerImpl] (main) End creation of KieBase: defaultKieBase
2023-02-18 16:10:07,758 INFO  [org.drools.demo.RuleTest] (main) There should be rules: 
2023-02-18 16:10:07,758 INFO  [org.drools.demo.RuleTest] (main) kp [Package name=org.drools.demo] rule will execute per each Measurement having ID color
2023-02-18 16:10:07,758 INFO  [org.drools.demo.RuleTest] (main) Creating kieSession
2023-02-18 16:10:07,781 INFO  [org.drools.demo.RuleTest] (main) Populating globals
2023-02-18 16:10:07,781 INFO  [org.drools.demo.RuleTest] (main) Now running data
2023-02-18 16:10:07,803 INFO  [org.drools.demo.RuleTest] (main) Final checks
]]></system-out>
  </testcase>
</testsuite>